<?xml version="1.0" encoding="UTF-8"?>
<!-- Generated by org.testng.reporters.JUnitReportReporter -->
<testsuite hostname="ETAuto-SM-385" failures="0" tests="1" name="Selenium.Selenium.AppTest" time="4.127" errors="0" timestamp="2024-07-18T12:19:49 IST" skipped="0">
  <testcase classname="Selenium.Selenium.AppTest" name="shouldAnswerWithTrue" time="4.127"/>
  <system-out/>
</testsuite> <!-- Selenium.Selenium.AppTest -->
